Using pre-set license
Built from '2021.3/release' branch; Version is '2021.3.17f1 (3e8111cac19d) revision 4096273'; Using compiler version '192829333'; Build Type 'Release'
OS: 'Windows 11  (10.0.22000) 64bit Core' Language: 'en' Physical Memory: 16236 MB
BatchMode: 1, IsHumanControllingUs: 0, StartBugReporterOnCrash: 0, Is64bit: 1, IsPro: 1

COMMAND LINE ARGUMENTS:
C:\Program Files\Unity\Hub\Editor\2021.3.17f1\Editor\Unity.exe
-adb2
-batchMode
-noUpm
-name
AssetImportWorker2
-projectPath
D:/Documents/GitHub/ZombieFPSGame/Build
-logFile
Logs/AssetImportWorker2.log
-srvPort
64436
Successfully changed project path to: D:/Documents/GitHub/ZombieFPSGame/Build
D:/Documents/GitHub/ZombieFPSGame/Build
[UnityMemory] Configuration Parameters - Can be set up in boot.config
    "memorysetup-bucket-allocator-granularity=16"
    "memorysetup-bucket-allocator-bucket-count=8"
    "memorysetup-bucket-allocator-block-size=33554432"
    "memorysetup-bucket-allocator-block-count=8"
    "memorysetup-main-allocator-block-size=16777216"
    "memorysetup-thread-allocator-block-size=16777216"
    "memorysetup-gfx-main-allocator-block-size=16777216"
    "memorysetup-gfx-thread-allocator-block-size=16777216"
    "memorysetup-cache-allocator-block-size=4194304"
    "memorysetup-typetree-allocator-block-size=2097152"
    "memorysetup-profiler-bucket-allocator-granularity=16"
    "memorysetup-profiler-bucket-allocator-bucket-count=8"
    "memorysetup-profiler-bucket-allocator-block-size=33554432"
    "memorysetup-profiler-bucket-allocator-block-count=8"
    "memorysetup-profiler-allocator-block-size=16777216"
    "memorysetup-profiler-editor-allocator-block-size=1048576"
    "memorysetup-temp-allocator-size-main=16777216"
    "memorysetup-job-temp-allocator-block-size=2097152"
    "memorysetup-job-temp-allocator-block-size-background=1048576"
    "memorysetup-job-temp-allocator-reduction-small-platforms=262144"
    "memorysetup-temp-allocator-size-background-worker=32768"
    "memorysetup-temp-allocator-size-job-worker=262144"
    "memorysetup-temp-allocator-size-preload-manager=33554432"
    "memorysetup-temp-allocator-size-nav-mesh-worker=65536"
    "memorysetup-temp-allocator-size-audio-worker=65536"
    "memorysetup-temp-allocator-size-cloud-worker=32768"
    "memorysetup-temp-allocator-size-gi-baking-worker=262144"
    "memorysetup-temp-allocator-size-gfx=262144"
Player connection [33784] Host "[IP] 192.168.56.1 [Port] 0 [Flags] 2 [Guid] 23752574 [EditorId] 23752574 [Version] 1048832 [Id] WindowsEditor(7,LAPTOP-Veaci) [Debug] 1 [PackageName] WindowsEditor [ProjectName] Editor" joined multi-casting on [225.0.0.222:54997]...

Player connection [33784] Host "[IP] 192.168.56.1 [Port] 0 [Flags] 2 [Guid] 23752574 [EditorId] 23752574 [Version] 1048832 [Id] WindowsEditor(7,LAPTOP-Veaci) [Debug] 1 [PackageName] WindowsEditor [ProjectName] Editor" joined alternative multi-casting on [225.0.0.222:34997]...

Refreshing native plugins compatible for Editor in 155.82 ms, found 3 plugins.
Preloading 0 native plugins for Editor in 0.00 ms.
Initialize engine version: 2021.3.17f1 (3e8111cac19d)
[Subsystems] Discovering subsystems at path C:/Program Files/Unity/Hub/Editor/2021.3.17f1/Editor/Data/Resources/UnitySubsystems
[Subsystems] Discovering subsystems at path D:/Documents/GitHub/ZombieFPSGame/Build/Assets
GfxDevice: creating device client; threaded=0; jobified=0
Direct3D:
    Version:  Direct3D 11.0 [level 11.1]
    Renderer: NVIDIA GeForce GTX 1650 (ID=0x1f91)
    Vendor:   NVIDIA
    VRAM:     3962 MB
    Driver:   30.0.15.1278
Shader 'WFX/Transparent Diffuse': fallback shader 'Particles/Alpha Blended' not found
Shader 'WFX/Transparent Specular': fallback shader 'Particles/Alpha Blended' not found
Initialize mono
Mono path[0] = 'C:/Program Files/Unity/Hub/Editor/2021.3.17f1/Editor/Data/Managed'
Mono path[1] = 'C:/Program Files/Unity/Hub/Editor/2021.3.17f1/Editor/Data/MonoBleedingEdge/lib/mono/unityjit-win32'
Mono config path = 'C:/Program Files/Unity/Hub/Editor/2021.3.17f1/Editor/Data/MonoBleedingEdge/etc'
Using monoOptions --debugger-agent=transport=dt_socket,embedding=1,server=y,suspend=n,address=127.0.0.1:56784
Begin MonoManager ReloadAssembly
Registering precompiled unity dll's ...
Register platform support module: C:/Program Files/Unity/Hub/Editor/2021.3.17f1/Editor/Data/PlaybackEngines/WindowsStandaloneSupport/UnityEditor.WindowsStandalone.Extensions.dll
Registered in 0.007184 seconds.
Native extension for WindowsStandalone target not found
Refreshing native plugins compatible for Editor in 131.03 ms, found 3 plugins.
Preloading 0 native plugins for Editor in 0.00 ms.
Mono: successfully reloaded assembly
- Completed reload, in  0.752 seconds
Domain Reload Profiling:
	ReloadAssembly (753ms)
		BeginReloadAssembly (96ms)
			ExecutionOrderSort (0ms)
			DisableScriptedObjects (0ms)
			BackupInstance (0ms)
			ReleaseScriptingObjects (0ms)
			CreateAndSetChildDomain (1ms)
		EndReloadAssembly (522ms)
			LoadAssemblies (93ms)
			RebuildTransferFunctionScriptingTraits (0ms)
			SetupTypeCache (115ms)
			ReleaseScriptCaches (0ms)
			RebuildScriptCaches (27ms)
			SetupLoadedEditorAssemblies (328ms)
				LogAssemblyErrors (0ms)
				InitializePlatformSupportModulesInManaged (8ms)
				SetLoadedEditorAssemblies (0ms)
				RefreshPlugins (131ms)
				BeforeProcessingInitializeOnLoad (1ms)
				ProcessInitializeOnLoadAttributes (142ms)
				ProcessInitializeOnLoadMethodAttributes (45ms)
				AfterProcessingInitializeOnLoad (0ms)
				EditorAssembliesLoaded (0ms)
			ExecutionOrderSort2 (0ms)
			AwakeInstancesAfterBackupRestoration (0ms)
Platform modules already initialized, skipping
Registering precompiled user dll's ...
Registered in 0.009086 seconds.
Begin MonoManager ReloadAssembly
Symbol file LoadedFromMemory doesn't match image D:\Documents\GitHub\ZombieFPSGame\Build\Library\PackageCache\com.unity.visualscripting@1.8.0\Editor\VisualScripting.Core\Dependencies\YamlDotNet\Unity.VisualScripting.YamlDotNet.dll
Symbol file LoadedFromMemory doesn't match image D:\Documents\GitHub\ZombieFPSGame\Build\Library\PackageCache\com.unity.visualscripting@1.8.0\Editor\VisualScripting.Core\Dependencies\DotNetZip\Unity.VisualScripting.IonicZip.dll
Native extension for WindowsStandalone target not found
Refreshing native plugins compatible for Editor in 138.37 ms, found 3 plugins.
Preloading 0 native plugins for Editor in 0.00 ms.
Mono: successfully reloaded assembly
- Completed reload, in  1.803 seconds
Domain Reload Profiling:
	ReloadAssembly (1804ms)
		BeginReloadAssembly (117ms)
			ExecutionOrderSort (0ms)
			DisableScriptedObjects (6ms)
			BackupInstance (0ms)
			ReleaseScriptingObjects (0ms)
			CreateAndSetChildDomain (18ms)
		EndReloadAssembly (1551ms)
			LoadAssemblies (245ms)
			RebuildTransferFunctionScriptingTraits (0ms)
			SetupTypeCache (398ms)
			ReleaseScriptCaches (1ms)
			RebuildScriptCaches (74ms)
			SetupLoadedEditorAssemblies (786ms)
				LogAssemblyErrors (0ms)
				InitializePlatformSupportModulesInManaged (4ms)
				SetLoadedEditorAssemblies (0ms)
				RefreshPlugins (138ms)
				BeforeProcessingInitializeOnLoad (124ms)
				ProcessInitializeOnLoadAttributes (416ms)
				ProcessInitializeOnLoadMethodAttributes (94ms)
				AfterProcessingInitializeOnLoad (9ms)
				EditorAssembliesLoaded (0ms)
			ExecutionOrderSort2 (0ms)
			AwakeInstancesAfterBackupRestoration (6ms)
Platform modules already initialized, skipping
========================================================================
Worker process is ready to serve import requests
Shader 'WFX/Transparent Diffuse': fallback shader 'Particles/Alpha Blended' not found
Shader 'WFX/Transparent Specular': fallback shader 'Particles/Alpha Blended' not found
Launched and connected shader compiler UnityShaderCompiler.exe after 0.08 seconds
Refreshing native plugins compatible for Editor in 1.12 ms, found 3 plugins.
Preloading 0 native plugins for Editor in 0.00 ms.
Unloading 5788 Unused Serialized files (Serialized files now loaded: 0)
Unloading 59 unused Assets / (1.4 MB). Loaded Objects now: 6241.
Memory consumption went from 234.8 MB to 233.3 MB.
Total: 5.987000 ms (FindLiveObjects: 0.617200 ms CreateObjectMapping: 0.603600 ms MarkObjects: 4.087000 ms  DeleteObjects: 0.678100 ms)

AssetImportParameters requested are different than current active one (requested -> active):
  custom:video-decoder-ogg-theora: a1e56fd34408186e4bbccfd4996cb3dc -> 
  custom:container-muxer-webm: aa71ff27fc2769a1b78a27578f13a17b -> 
  custom:container-demuxer-webm: 4f35f7cbe854078d1ac9338744f61a02 -> 
  custom:video-encoder-webm-vp8: eb34c28f22e8b96e1ab97ce403110664 -> 
  custom:video-codec-MediaFoundation-h265: 746d11721c4dcdbdad8f713fa42b33f4 -> 
  custom:audio-encoder-webm-vorbis: bf7c407c2cedff20999df2af8eb42d56 -> 
  custom:framework-win-MediaFoundation: 216162199b28c13a410421893ffa2e32 -> 
  custom:container-demuxer-ogg: 62fdf1f143b41e24485cea50d1cbac27 -> 
  custom:video-decoder-webm-vp8: 9c59270c3fd7afecdb556c50c9e8de78 -> 
  custom:audio-decoder-ogg-vorbis: bf7c407c2cedff20999df2af8eb42d56 -> 
========================================================================
Received Import Request.
  Time since last request: 961672.991255 seconds.
  path: Assets/UniversalRenderPipelineGlobalSettings.asset
  artifactKey: Guid(f809b375a80030f41872f7a74e187193) Importer(815301076,1909f56bfc062723c751e8b465ee728b)
Start importing Assets/UniversalRenderPipelineGlobalSettings.asset using Guid(f809b375a80030f41872f7a74e187193) Importer(815301076,1909f56bfc062723c751e8b465ee728b)  -> (artifact id: '66b27ab994f7003d7c9408e052f4e73d') in 0.043425 seconds 
========================================================================
Received Import Request.
  Time since last request: 0.000030 seconds.
  path: Assets/Scenes
  artifactKey: Guid(560d37d8517c937418f56f4db8462f7f) Importer(815301076,1909f56bfc062723c751e8b465ee728b)
Start importing Assets/Scenes using Guid(560d37d8517c937418f56f4db8462f7f) Importer(815301076,1909f56bfc062723c751e8b465ee728b)  -> (artifact id: '06ca480410c4c05d59829540353e6e9a') in 0.005842 seconds 
========================================================================
Received Import Request.
  Time since last request: 9.687762 seconds.
  path: Assets/Scenes/Training Level
  artifactKey: Guid(2ab2eca13844af340914d784fb0f2371) Importer(815301076,1909f56bfc062723c751e8b465ee728b)
Start importing Assets/Scenes/Training Level using Guid(2ab2eca13844af340914d784fb0f2371) Importer(815301076,1909f56bfc062723c751e8b465ee728b)  -> (artifact id: 'b8c1de6d44e76ede43476a80f40664f3') in 0.003537 seconds 
========================================================================
Received Import Request.
  Time since last request: 12.669275 seconds.
  path: Assets/Scenes/Training Level/Terrain.prefab
  artifactKey: Guid(5011c9d6b8cc92747a6bc786ce927f76) Importer(815301076,1909f56bfc062723c751e8b465ee728b)
Start importing Assets/Scenes/Training Level/Terrain.prefab using Guid(5011c9d6b8cc92747a6bc786ce927f76) Importer(815301076,1909f56bfc062723c751e8b465ee728b)  -> (artifact id: 'fae43750c7c4de150dc6d884fe5e2eb7') in 2.064129 seconds 
========================================================================
Received Import Request.
  Time since last request: 71.192919 seconds.
  path: Assets/Scenes/Training Level/Terrain.prefab
  artifactKey: Guid(5011c9d6b8cc92747a6bc786ce927f76) Importer(815301076,1909f56bfc062723c751e8b465ee728b)
Start importing Assets/Scenes/Training Level/Terrain.prefab using Guid(5011c9d6b8cc92747a6bc786ce927f76) Importer(815301076,1909f56bfc062723c751e8b465ee728b)  -> (artifact id: '4def3eb3763ecf49bf8ad4921e97a518') in 0.511335 seconds 
========================================================================
Received Import Request.
  Time since last request: 3.238652 seconds.
  path: Assets/Scenes/Training Level/Terrain.prefab
  artifactKey: Guid(5011c9d6b8cc92747a6bc786ce927f76) Importer(815301076,1909f56bfc062723c751e8b465ee728b)
Start importing Assets/Scenes/Training Level/Terrain.prefab using Guid(5011c9d6b8cc92747a6bc786ce927f76) Importer(815301076,1909f56bfc062723c751e8b465ee728b)  -> (artifact id: '51ded90d86ad6304fe8b13b43620da52') in 0.433049 seconds 
========================================================================
Received Import Request.
  Time since last request: 7.037115 seconds.
  path: Assets/Scenes/Training Level/Terrain.prefab
  artifactKey: Guid(5011c9d6b8cc92747a6bc786ce927f76) Importer(815301076,1909f56bfc062723c751e8b465ee728b)
Start importing Assets/Scenes/Training Level/Terrain.prefab using Guid(5011c9d6b8cc92747a6bc786ce927f76) Importer(815301076,1909f56bfc062723c751e8b465ee728b)  -> (artifact id: 'd5e06cd0cad379eb68279580be26cef7') in 0.436587 seconds 
========================================================================
Received Import Request.
  Time since last request: 1.149518 seconds.
  path: Assets/Scenes/Training Level/Terrain.prefab
  artifactKey: Guid(5011c9d6b8cc92747a6bc786ce927f76) Importer(815301076,1909f56bfc062723c751e8b465ee728b)
Start importing Assets/Scenes/Training Level/Terrain.prefab using Guid(5011c9d6b8cc92747a6bc786ce927f76) Importer(815301076,1909f56bfc062723c751e8b465ee728b)  -> (artifact id: '5c4e1292d10e4bc1a7fc99fc6cb01646') in 0.427950 seconds 
========================================================================
Received Import Request.
  Time since last request: 0.750411 seconds.
  path: Assets/Scenes/Training Level/Terrain.prefab
  artifactKey: Guid(5011c9d6b8cc92747a6bc786ce927f76) Importer(815301076,1909f56bfc062723c751e8b465ee728b)
Start importing Assets/Scenes/Training Level/Terrain.prefab using Guid(5011c9d6b8cc92747a6bc786ce927f76) Importer(815301076,1909f56bfc062723c751e8b465ee728b)  -> (artifact id: 'ae46edb2a6f9712d7870c9bdacc37f53') in 0.459579 seconds 
========================================================================
Received Import Request.
  Time since last request: 3.137837 seconds.
  path: Assets/Scenes/Training Level/Terrain.prefab
  artifactKey: Guid(5011c9d6b8cc92747a6bc786ce927f76) Importer(815301076,1909f56bfc062723c751e8b465ee728b)
Start importing Assets/Scenes/Training Level/Terrain.prefab using Guid(5011c9d6b8cc92747a6bc786ce927f76) Importer(815301076,1909f56bfc062723c751e8b465ee728b)  -> (artifact id: 'b73321e6bb50e64acfba82f041e0f48a') in 0.416974 seconds 
========================================================================
Received Import Request.
  Time since last request: 2.170475 seconds.
  path: Assets/Scenes/Training Level/Terrain.prefab
  artifactKey: Guid(5011c9d6b8cc92747a6bc786ce927f76) Importer(815301076,1909f56bfc062723c751e8b465ee728b)
Start importing Assets/Scenes/Training Level/Terrain.prefab using Guid(5011c9d6b8cc92747a6bc786ce927f76) Importer(815301076,1909f56bfc062723c751e8b465ee728b)  -> (artifact id: '2621420e6dec9ddb4b9bf16479594e06') in 0.481033 seconds 
========================================================================
Received Import Request.
  Time since last request: 4.258319 seconds.
  path: Assets/Scenes/Training Level/Terrain.prefab
  artifactKey: Guid(5011c9d6b8cc92747a6bc786ce927f76) Importer(815301076,1909f56bfc062723c751e8b465ee728b)
Start importing Assets/Scenes/Training Level/Terrain.prefab using Guid(5011c9d6b8cc92747a6bc786ce927f76) Importer(815301076,1909f56bfc062723c751e8b465ee728b)  -> (artifact id: '0cf48a98c02974aaa29b7e9bd86f1158') in 0.438202 seconds 
========================================================================
Received Import Request.
  Time since last request: 0.749129 seconds.
  path: Assets/Scenes/Training Level/Terrain.prefab
  artifactKey: Guid(5011c9d6b8cc92747a6bc786ce927f76) Importer(815301076,1909f56bfc062723c751e8b465ee728b)
Start importing Assets/Scenes/Training Level/Terrain.prefab using Guid(5011c9d6b8cc92747a6bc786ce927f76) Importer(815301076,1909f56bfc062723c751e8b465ee728b)  -> (artifact id: '5a37788ad950f787f50264d456c0abd4') in 0.428127 seconds 
========================================================================
Received Import Request.
  Time since last request: 1.367565 seconds.
  path: Assets/Scenes/Training Level/Terrain.prefab
  artifactKey: Guid(5011c9d6b8cc92747a6bc786ce927f76) Importer(815301076,1909f56bfc062723c751e8b465ee728b)
Start importing Assets/Scenes/Training Level/Terrain.prefab using Guid(5011c9d6b8cc92747a6bc786ce927f76) Importer(815301076,1909f56bfc062723c751e8b465ee728b)  -> (artifact id: '1ff39b3cae03c5dbde8ed4dfbefb2365') in 0.424238 seconds 
========================================================================
Received Import Request.
  Time since last request: 1.365550 seconds.
  path: Assets/Scenes/Training Level/Terrain.prefab
  artifactKey: Guid(5011c9d6b8cc92747a6bc786ce927f76) Importer(815301076,1909f56bfc062723c751e8b465ee728b)
Start importing Assets/Scenes/Training Level/Terrain.prefab using Guid(5011c9d6b8cc92747a6bc786ce927f76) Importer(815301076,1909f56bfc062723c751e8b465ee728b)  -> (artifact id: '668fc5dc0fa68e9e47afc0d9185bb05e') in 0.469201 seconds 
========================================================================
Received Import Request.
  Time since last request: 3.728347 seconds.
  path: Assets/Scenes/Training Level/Terrain.prefab
  artifactKey: Guid(5011c9d6b8cc92747a6bc786ce927f76) Importer(815301076,1909f56bfc062723c751e8b465ee728b)
Start importing Assets/Scenes/Training Level/Terrain.prefab using Guid(5011c9d6b8cc92747a6bc786ce927f76) Importer(815301076,1909f56bfc062723c751e8b465ee728b)  -> (artifact id: 'e28e500ff498853ce7f87a7f1ac36c38') in 0.425426 seconds 
========================================================================
Received Import Request.
  Time since last request: 1.347079 seconds.
  path: Assets/Scenes/Training Level/Terrain.prefab
  artifactKey: Guid(5011c9d6b8cc92747a6bc786ce927f76) Importer(815301076,1909f56bfc062723c751e8b465ee728b)
Start importing Assets/Scenes/Training Level/Terrain.prefab using Guid(5011c9d6b8cc92747a6bc786ce927f76) Importer(815301076,1909f56bfc062723c751e8b465ee728b)  -> (artifact id: 'db4ec9cda26bfcd33ace8e7e3cd5fc32') in 0.422816 seconds 
========================================================================
Received Import Request.
  Time since last request: 0.763691 seconds.
  path: Assets/Scenes/Training Level/Terrain.prefab
  artifactKey: Guid(5011c9d6b8cc92747a6bc786ce927f76) Importer(815301076,1909f56bfc062723c751e8b465ee728b)
Start importing Assets/Scenes/Training Level/Terrain.prefab using Guid(5011c9d6b8cc92747a6bc786ce927f76) Importer(815301076,1909f56bfc062723c751e8b465ee728b)  -> (artifact id: 'f96e6303b6c19bd2957a6307ad024b70') in 0.433289 seconds 
========================================================================
Received Import Request.
  Time since last request: 1.758600 seconds.
  path: Assets/Scenes/Training Level/Terrain.prefab
  artifactKey: Guid(5011c9d6b8cc92747a6bc786ce927f76) Importer(815301076,1909f56bfc062723c751e8b465ee728b)
Start importing Assets/Scenes/Training Level/Terrain.prefab using Guid(5011c9d6b8cc92747a6bc786ce927f76) Importer(815301076,1909f56bfc062723c751e8b465ee728b)  -> (artifact id: '4695c051c7469abeff9323930c93feb5') in 0.453063 seconds 
========================================================================
Received Import Request.
  Time since last request: 4.576629 seconds.
  path: Assets/Prefabs
  artifactKey: Guid(3547d539220f51a4599294020a5f42cf) Importer(815301076,1909f56bfc062723c751e8b465ee728b)
Start importing Assets/Prefabs using Guid(3547d539220f51a4599294020a5f42cf) Importer(815301076,1909f56bfc062723c751e8b465ee728b)  -> (artifact id: '861bae0f33e7fd7c06ebfd07ef087a5c') in 0.003609 seconds 
========================================================================
Received Import Request.
  Time since last request: 2.501849 seconds.
  path: Assets/Flooded_Grounds
  artifactKey: Guid(678b3785f2ac73f49a43ec4685f1aa5b) Importer(815301076,1909f56bfc062723c751e8b465ee728b)
Start importing Assets/Flooded_Grounds using Guid(678b3785f2ac73f49a43ec4685f1aa5b) Importer(815301076,1909f56bfc062723c751e8b465ee728b)  -> (artifact id: 'dff793b166b838ddbded57c2efaa1398') in 0.003386 seconds 
========================================================================
Received Import Request.
  Time since last request: 1.676902 seconds.
  path: Assets/Flooded_Grounds/Prefabs
  artifactKey: Guid(4bd36e038f7e7884baea499e908b3aa6) Importer(815301076,1909f56bfc062723c751e8b465ee728b)
Start importing Assets/Flooded_Grounds/Prefabs using Guid(4bd36e038f7e7884baea499e908b3aa6) Importer(815301076,1909f56bfc062723c751e8b465ee728b)  -> (artifact id: 'e1a4de6cdedecaccdeb4525244ae9f2d') in 0.003385 seconds 
========================================================================
Received Import Request.
  Time since last request: 2.732011 seconds.
  path: Assets/Flooded_Grounds/Scenes
  artifactKey: Guid(31e2e1d8e55bde84ea36da51fd5c6a03) Importer(815301076,1909f56bfc062723c751e8b465ee728b)
Start importing Assets/Flooded_Grounds/Scenes using Guid(31e2e1d8e55bde84ea36da51fd5c6a03) Importer(815301076,1909f56bfc062723c751e8b465ee728b)  -> (artifact id: '89779d4e705c89331d604082a3cb26ab') in 0.003171 seconds 
========================================================================
Received Import Request.
  Time since last request: 0.077948 seconds.
  path: Assets/Flooded_Grounds/Scenes/Postprocess_FloodedGrounds.asset
  artifactKey: Guid(29ac70c6bc481c64fb76807cbc16dc82) Importer(815301076,1909f56bfc062723c751e8b465ee728b)
Start importing Assets/Flooded_Grounds/Scenes/Postprocess_FloodedGrounds.asset using Guid(29ac70c6bc481c64fb76807cbc16dc82) Importer(815301076,1909f56bfc062723c751e8b465ee728b)  -> (artifact id: '63ee3f4c25b1800916e4624db2f0e704') in 0.008033 seconds 
========================================================================
Received Import Request.
  Time since last request: 0.885181 seconds.
  path: Assets/Flooded_Grounds/Scenes/PreAsembeld_Buildings.unity
  artifactKey: Guid(becca19b86da74b4696c89ff8d644228) Importer(815301076,1909f56bfc062723c751e8b465ee728b)
Start importing Assets/Flooded_Grounds/Scenes/PreAsembeld_Buildings.unity using Guid(becca19b86da74b4696c89ff8d644228) Importer(815301076,1909f56bfc062723c751e8b465ee728b)  -> (artifact id: '68570dde0846d15c1d5f56c6fe5722d8') in 0.003358 seconds 
========================================================================
Received Import Request.
  Time since last request: 2.658421 seconds.
  path: Assets/Flooded_Grounds/Scenes/Scene_A_Terrain.asset
  artifactKey: Guid(3067f4c4673ebb049b67c5cadc9ef499) Importer(815301076,1909f56bfc062723c751e8b465ee728b)
Start importing Assets/Flooded_Grounds/Scenes/Scene_A_Terrain.asset using Guid(3067f4c4673ebb049b67c5cadc9ef499) Importer(815301076,1909f56bfc062723c751e8b465ee728b)  -> (artifact id: '3349d938e604e2002b900eaf72d9d706') in 0.135429 seconds 
========================================================================
Received Import Request.
  Time since last request: 35.984971 seconds.
  path: Assets/Scenes/Training Level/Terrain.prefab
  artifactKey: Guid(5011c9d6b8cc92747a6bc786ce927f76) Importer(815301076,1909f56bfc062723c751e8b465ee728b)
Start importing Assets/Scenes/Training Level/Terrain.prefab using Guid(5011c9d6b8cc92747a6bc786ce927f76) Importer(815301076,1909f56bfc062723c751e8b465ee728b)  -> (artifact id: '77d2bb4be558a3099a95a049b143c559') in 0.313830 seconds 
========================================================================
Received Import Request.
  Time since last request: 2.070129 seconds.
  path: Assets/Scenes/Training Level/Training Level.unity
  artifactKey: Guid(30f0a3c41fb6b5d478bd1a96b45d99f7) Importer(815301076,1909f56bfc062723c751e8b465ee728b)
Start importing Assets/Scenes/Training Level/Training Level.unity using Guid(30f0a3c41fb6b5d478bd1a96b45d99f7) Importer(815301076,1909f56bfc062723c751e8b465ee728b)  -> (artifact id: '54ba47d7adf3cc0dd5ad5c67be3a6c4e') in 0.003191 seconds 
========================================================================
Received Import Request.
  Time since last request: 8.798072 seconds.
  path: Assets/Scenes/Training Level/Terrain.prefab
  artifactKey: Guid(5011c9d6b8cc92747a6bc786ce927f76) Importer(815301076,1909f56bfc062723c751e8b465ee728b)
Start importing Assets/Scenes/Training Level/Terrain.prefab using Guid(5011c9d6b8cc92747a6bc786ce927f76) Importer(815301076,1909f56bfc062723c751e8b465ee728b)  -> (artifact id: 'e4c4a0ae17e025706e71edb81cdd1d99') in 0.373174 seconds 
========================================================================
Received Import Request.
  Time since last request: 6.749379 seconds.
  path: Assets/Scenes/Training Level/Terrain.prefab
  artifactKey: Guid(5011c9d6b8cc92747a6bc786ce927f76) Importer(815301076,1909f56bfc062723c751e8b465ee728b)
Start importing Assets/Scenes/Training Level/Terrain.prefab using Guid(5011c9d6b8cc92747a6bc786ce927f76) Importer(815301076,1909f56bfc062723c751e8b465ee728b)  -> (artifact id: '4b811e5df34c354bb0619bfc95b59ab8') in 0.366971 seconds 
========================================================================
Received Import Request.
  Time since last request: 4.310223 seconds.
  path: Assets/Scenes/Training Level/Terrain.prefab
  artifactKey: Guid(5011c9d6b8cc92747a6bc786ce927f76) Importer(815301076,1909f56bfc062723c751e8b465ee728b)
Start importing Assets/Scenes/Training Level/Terrain.prefab using Guid(5011c9d6b8cc92747a6bc786ce927f76) Importer(815301076,1909f56bfc062723c751e8b465ee728b)  -> (artifact id: '03931a2eb72554ffe9686b635d4c10dd') in 0.374735 seconds 
========================================================================
Received Import Request.
  Time since last request: 1.459378 seconds.
  path: Assets/Scenes/Training Level/Terrain.prefab
  artifactKey: Guid(5011c9d6b8cc92747a6bc786ce927f76) Importer(815301076,1909f56bfc062723c751e8b465ee728b)
Start importing Assets/Scenes/Training Level/Terrain.prefab using Guid(5011c9d6b8cc92747a6bc786ce927f76) Importer(815301076,1909f56bfc062723c751e8b465ee728b)  -> (artifact id: '53baf9a81cee712ba3619cc5f15dfdab') in 0.373342 seconds 
========================================================================
Received Import Request.
  Time since last request: 2.887446 seconds.
  path: Assets/Scenes/Training Level/Terrain.prefab
  artifactKey: Guid(5011c9d6b8cc92747a6bc786ce927f76) Importer(815301076,1909f56bfc062723c751e8b465ee728b)
Start importing Assets/Scenes/Training Level/Terrain.prefab using Guid(5011c9d6b8cc92747a6bc786ce927f76) Importer(815301076,1909f56bfc062723c751e8b465ee728b)  -> (artifact id: 'de5b29edd0650a250c23fd1ebea316a5') in 0.391607 seconds 
========================================================================
Received Import Request.
  Time since last request: 0.829398 seconds.
  path: Assets/Scenes/Training Level/Terrain.prefab
  artifactKey: Guid(5011c9d6b8cc92747a6bc786ce927f76) Importer(815301076,1909f56bfc062723c751e8b465ee728b)
Start importing Assets/Scenes/Training Level/Terrain.prefab using Guid(5011c9d6b8cc92747a6bc786ce927f76) Importer(815301076,1909f56bfc062723c751e8b465ee728b)  -> (artifact id: '340cae9fbb2eb9a25d3d9b8a9f156d84') in 0.360662 seconds 
========================================================================
Received Import Request.
  Time since last request: 2.062942 seconds.
  path: Assets/Scenes/Training Level/Terrain.prefab
  artifactKey: Guid(5011c9d6b8cc92747a6bc786ce927f76) Importer(815301076,1909f56bfc062723c751e8b465ee728b)
Start importing Assets/Scenes/Training Level/Terrain.prefab using Guid(5011c9d6b8cc92747a6bc786ce927f76) Importer(815301076,1909f56bfc062723c751e8b465ee728b)  -> (artifact id: '2b32f6ab6572d55ba5feb939bf1283dd') in 0.361525 seconds 
========================================================================
Received Import Request.
  Time since last request: 1.672701 seconds.
  path: Assets/Scenes/Training Level/Terrain.prefab
  artifactKey: Guid(5011c9d6b8cc92747a6bc786ce927f76) Importer(815301076,1909f56bfc062723c751e8b465ee728b)
Start importing Assets/Scenes/Training Level/Terrain.prefab using Guid(5011c9d6b8cc92747a6bc786ce927f76) Importer(815301076,1909f56bfc062723c751e8b465ee728b)  -> (artifact id: 'd06b10faf044870c609e5e7d4efda169') in 0.445384 seconds 
========================================================================
Received Import Request.
  Time since last request: 4.202321 seconds.
  path: Assets/Scenes/Training Level/Terrain.prefab
  artifactKey: Guid(5011c9d6b8cc92747a6bc786ce927f76) Importer(815301076,1909f56bfc062723c751e8b465ee728b)
Start importing Assets/Scenes/Training Level/Terrain.prefab using Guid(5011c9d6b8cc92747a6bc786ce927f76) Importer(815301076,1909f56bfc062723c751e8b465ee728b)  -> (artifact id: 'fcc52f0714248c7d51328e5c87d6e251') in 0.424921 seconds 
========================================================================
Received Import Request.
  Time since last request: 7.781625 seconds.
  path: Assets/Scenes/Training Level/Terrain.prefab
  artifactKey: Guid(5011c9d6b8cc92747a6bc786ce927f76) Importer(815301076,1909f56bfc062723c751e8b465ee728b)
Start importing Assets/Scenes/Training Level/Terrain.prefab using Guid(5011c9d6b8cc92747a6bc786ce927f76) Importer(815301076,1909f56bfc062723c751e8b465ee728b)  -> (artifact id: 'd16afe274eb09c78cfc538ec20b53609') in 0.435693 seconds 
========================================================================
Received Prepare
Registering precompiled user dll's ...
Registered in 0.006680 seconds.
Begin MonoManager ReloadAssembly
Symbol file LoadedFromMemory doesn't match image D:\Documents\GitHub\ZombieFPSGame\Build\Library\PackageCache\com.unity.visualscripting@1.8.0\Editor\VisualScripting.Core\Dependencies\YamlDotNet\Unity.VisualScripting.YamlDotNet.dll
Symbol file LoadedFromMemory doesn't match image D:\Documents\GitHub\ZombieFPSGame\Build\Library\PackageCache\com.unity.visualscripting@1.8.0\Editor\VisualScripting.Core\Dependencies\DotNetZip\Unity.VisualScripting.IonicZip.dll
Native extension for WindowsStandalone target not found
Refreshing native plugins compatible for Editor in 1.03 ms, found 3 plugins.
Preloading 0 native plugins for Editor in 0.00 ms.
Mono: successfully reloaded assembly
- Completed reload, in  1.440 seconds
Domain Reload Profiling:
	ReloadAssembly (1441ms)
		BeginReloadAssembly (166ms)
			ExecutionOrderSort (0ms)
			DisableScriptedObjects (6ms)
			BackupInstance (0ms)
			ReleaseScriptingObjects (0ms)
			CreateAndSetChildDomain (45ms)
		EndReloadAssembly (1170ms)
			LoadAssemblies (90ms)
			RebuildTransferFunctionScriptingTraits (0ms)
			SetupTypeCache (414ms)
			ReleaseScriptCaches (2ms)
			RebuildScriptCaches (56ms)
			SetupLoadedEditorAssemblies (565ms)
				LogAssemblyErrors (0ms)
				InitializePlatformSupportModulesInManaged (13ms)
				SetLoadedEditorAssemblies (0ms)
				RefreshPlugins (1ms)
				BeforeProcessingInitializeOnLoad (127ms)
				ProcessInitializeOnLoadAttributes (328ms)
				ProcessInitializeOnLoadMethodAttributes (86ms)
				AfterProcessingInitializeOnLoad (9ms)
				EditorAssembliesLoaded (0ms)
			ExecutionOrderSort2 (0ms)
			AwakeInstancesAfterBackupRestoration (6ms)
Platform modules already initialized, skipping
Shader 'WFX/Transparent Diffuse': fallback shader 'Particles/Alpha Blended' not found
Shader 'WFX/Transparent Specular': fallback shader 'Particles/Alpha Blended' not found
Refreshing native plugins compatible for Editor in 4.66 ms, found 3 plugins.
Preloading 0 native plugins for Editor in 0.00 ms.
Unloading 5668 Unused Serialized files (Serialized files now loaded: 0)
Unloading 40 unused Assets / (1.6 MB). Loaded Objects now: 6285.
Memory consumption went from 243.1 MB to 241.5 MB.
Total: 8.804900 ms (FindLiveObjects: 0.888000 ms CreateObjectMapping: 0.664400 ms MarkObjects: 6.434000 ms  DeleteObjects: 0.817000 ms)

AssetImportParameters requested are different than current active one (requested -> active):
  custom:video-decoder-ogg-theora: a1e56fd34408186e4bbccfd4996cb3dc -> 
  custom:container-muxer-webm: aa71ff27fc2769a1b78a27578f13a17b -> 
  custom:container-demuxer-webm: 4f35f7cbe854078d1ac9338744f61a02 -> 
  custom:video-encoder-webm-vp8: eb34c28f22e8b96e1ab97ce403110664 -> 
  custom:video-codec-MediaFoundation-h265: 746d11721c4dcdbdad8f713fa42b33f4 -> 
  custom:audio-encoder-webm-vorbis: bf7c407c2cedff20999df2af8eb42d56 -> 
  custom:framework-win-MediaFoundation: 216162199b28c13a410421893ffa2e32 -> 
  custom:container-demuxer-ogg: 62fdf1f143b41e24485cea50d1cbac27 -> 
  custom:video-decoder-webm-vp8: 9c59270c3fd7afecdb556c50c9e8de78 -> 
  custom:audio-decoder-ogg-vorbis: bf7c407c2cedff20999df2af8eb42d56 -> 
========================================================================
Received Import Request.
  Time since last request: 166.940378 seconds.
  path: Assets/Scenes/Training Level/Terrain.prefab
  artifactKey: Guid(5011c9d6b8cc92747a6bc786ce927f76) Importer(815301076,1909f56bfc062723c751e8b465ee728b)
Start importing Assets/Scenes/Training Level/Terrain.prefab using Guid(5011c9d6b8cc92747a6bc786ce927f76) Importer(815301076,1909f56bfc062723c751e8b465ee728b)  -> (artifact id: '9bca1d9a80aaf31d133eae52b50b2de2') in 1.116162 seconds 
========================================================================
Received Prepare
Registering precompiled user dll's ...
Registered in 0.009403 seconds.
Begin MonoManager ReloadAssembly
Symbol file LoadedFromMemory doesn't match image D:\Documents\GitHub\ZombieFPSGame\Build\Library\PackageCache\com.unity.visualscripting@1.8.0\Editor\VisualScripting.Core\Dependencies\YamlDotNet\Unity.VisualScripting.YamlDotNet.dll
Symbol file LoadedFromMemory doesn't match image D:\Documents\GitHub\ZombieFPSGame\Build\Library\PackageCache\com.unity.visualscripting@1.8.0\Editor\VisualScripting.Core\Dependencies\DotNetZip\Unity.VisualScripting.IonicZip.dll
Native extension for WindowsStandalone target not found
Refreshing native plugins compatible for Editor in 2.13 ms, found 3 plugins.
Preloading 0 native plugins for Editor in 0.00 ms.
Mono: successfully reloaded assembly
- Completed reload, in  2.242 seconds
Domain Reload Profiling:
	ReloadAssembly (2243ms)
		BeginReloadAssembly (235ms)
			ExecutionOrderSort (0ms)
			DisableScriptedObjects (10ms)
			BackupInstance (0ms)
			ReleaseScriptingObjects (0ms)
			CreateAndSetChildDomain (75ms)
		EndReloadAssembly (1814ms)
			LoadAssemblies (157ms)
			RebuildTransferFunctionScriptingTraits (0ms)
			SetupTypeCache (608ms)
			ReleaseScriptCaches (2ms)
			RebuildScriptCaches (92ms)
			SetupLoadedEditorAssemblies (882ms)
				LogAssemblyErrors (0ms)
				InitializePlatformSupportModulesInManaged (21ms)
				SetLoadedEditorAssemblies (1ms)
				RefreshPlugins (2ms)
				BeforeProcessingInitializeOnLoad (155ms)
				ProcessInitializeOnLoadAttributes (547ms)
				ProcessInitializeOnLoadMethodAttributes (140ms)
				AfterProcessingInitializeOnLoad (15ms)
				EditorAssembliesLoaded (0ms)
			ExecutionOrderSort2 (0ms)
			AwakeInstancesAfterBackupRestoration (10ms)
Platform modules already initialized, skipping
Shader 'WFX/Transparent Diffuse': fallback shader 'Particles/Alpha Blended' not found
Shader 'WFX/Transparent Specular': fallback shader 'Particles/Alpha Blended' not found
Refreshing native plugins compatible for Editor in 5.84 ms, found 3 plugins.
Preloading 0 native plugins for Editor in 0.00 ms.
Unloading 5668 Unused Serialized files (Serialized files now loaded: 0)
Unloading 40 unused Assets / (1.6 MB). Loaded Objects now: 6300.
Memory consumption went from 243.0 MB to 241.3 MB.
Total: 10.820800 ms (FindLiveObjects: 1.197700 ms CreateObjectMapping: 0.885700 ms MarkObjects: 7.187900 ms  DeleteObjects: 1.547300 ms)

AssetImportParameters requested are different than current active one (requested -> active):
  custom:video-decoder-ogg-theora: a1e56fd34408186e4bbccfd4996cb3dc -> 
  custom:container-muxer-webm: aa71ff27fc2769a1b78a27578f13a17b -> 
  custom:container-demuxer-webm: 4f35f7cbe854078d1ac9338744f61a02 -> 
  custom:video-encoder-webm-vp8: eb34c28f22e8b96e1ab97ce403110664 -> 
  custom:video-codec-MediaFoundation-h265: 746d11721c4dcdbdad8f713fa42b33f4 -> 
  custom:audio-encoder-webm-vorbis: bf7c407c2cedff20999df2af8eb42d56 -> 
  custom:framework-win-MediaFoundation: 216162199b28c13a410421893ffa2e32 -> 
  custom:container-demuxer-ogg: 62fdf1f143b41e24485cea50d1cbac27 -> 
  custom:video-decoder-webm-vp8: 9c59270c3fd7afecdb556c50c9e8de78 -> 
  custom:audio-decoder-ogg-vorbis: bf7c407c2cedff20999df2af8eb42d56 -> 
========================================================================
Received Import Request.
  Time since last request: 348.546575 seconds.
  path: Assets/Scenes/Training Level/Terrain.prefab
  artifactKey: Guid(5011c9d6b8cc92747a6bc786ce927f76) Importer(815301076,1909f56bfc062723c751e8b465ee728b)
Start importing Assets/Scenes/Training Level/Terrain.prefab using Guid(5011c9d6b8cc92747a6bc786ce927f76) Importer(815301076,1909f56bfc062723c751e8b465ee728b)  -> (artifact id: '35e3c392b3bfc3a517a71c9935a4f1a9') in 1.172473 seconds 
========================================================================
Received Import Request.
  Time since last request: 65.180884 seconds.
  path: Assets/Scenes/Playground
  artifactKey: Guid(ece444ad7ba310d4c9fa193b1bcfe706) Importer(815301076,1909f56bfc062723c751e8b465ee728b)
Start importing Assets/Scenes/Playground using Guid(ece444ad7ba310d4c9fa193b1bcfe706) Importer(815301076,1909f56bfc062723c751e8b465ee728b)  -> (artifact id: 'c4ed6ca0675c22a0d21d11620c142cc8') in 0.004408 seconds 
========================================================================
Received Import Request.
  Time since last request: 0.046027 seconds.
  path: Assets/Scenes/Playground/ReflectionProbe-0.exr
  artifactKey: Guid(ac547032e7ab2874b8b53ccbfec07526) Importer(815301076,1909f56bfc062723c751e8b465ee728b)
Start importing Assets/Scenes/Playground/ReflectionProbe-0.exr using Guid(ac547032e7ab2874b8b53ccbfec07526) Importer(815301076,1909f56bfc062723c751e8b465ee728b)  -> (artifact id: 'c14c0d15b15a16fc72754dbc45f10e5d') in 0.062778 seconds 
========================================================================
Received Import Request.
  Time since last request: 0.000029 seconds.
  path: Assets/Scenes/Playground/ReflectionProbe-2.exr
  artifactKey: Guid(c49ef192a57a5af42a728163b2468c8a) Importer(815301076,1909f56bfc062723c751e8b465ee728b)
Start importing Assets/Scenes/Playground/ReflectionProbe-2.exr using Guid(c49ef192a57a5af42a728163b2468c8a) Importer(815301076,1909f56bfc062723c751e8b465ee728b)  -> (artifact id: '53b5f243fa938bb00beb5dd6284d0428') in 0.028280 seconds 
========================================================================
Received Import Request.
  Time since last request: 2.650069 seconds.
  path: Assets/Scenes/Playground.unity
  artifactKey: Guid(707acc8dffb72b144bb1ffbe1c965f3d) Importer(815301076,1909f56bfc062723c751e8b465ee728b)
Start importing Assets/Scenes/Playground.unity using Guid(707acc8dffb72b144bb1ffbe1c965f3d) Importer(815301076,1909f56bfc062723c751e8b465ee728b)  -> (artifact id: '03ccfe598c0d143afa22610567d39b5e') in 0.006814 seconds 
========================================================================
Received Import Request.
  Time since last request: 8.282840 seconds.
  path: Assets/Scenes/Training Level/Training Level.unity
  artifactKey: Guid(30f0a3c41fb6b5d478bd1a96b45d99f7) Importer(815301076,1909f56bfc062723c751e8b465ee728b)
Start importing Assets/Scenes/Training Level/Training Level.unity using Guid(30f0a3c41fb6b5d478bd1a96b45d99f7) Importer(815301076,1909f56bfc062723c751e8b465ee728b)  -> (artifact id: 'e8c8b8d6f320bb30ef4e4c6ecd44c5d8') in 0.003574 seconds 
========================================================================
Received Prepare
Registering precompiled user dll's ...
Registered in 0.009959 seconds.
Begin MonoManager ReloadAssembly
Symbol file LoadedFromMemory doesn't match image D:\Documents\GitHub\ZombieFPSGame\Build\Library\PackageCache\com.unity.visualscripting@1.8.0\Editor\VisualScripting.Core\Dependencies\YamlDotNet\Unity.VisualScripting.YamlDotNet.dll
Symbol file LoadedFromMemory doesn't match image D:\Documents\GitHub\ZombieFPSGame\Build\Library\PackageCache\com.unity.visualscripting@1.8.0\Editor\VisualScripting.Core\Dependencies\DotNetZip\Unity.VisualScripting.IonicZip.dll
Native extension for WindowsStandalone target not found
Refreshing native plugins compatible for Editor in 1.69 ms, found 3 plugins.
Preloading 0 native plugins for Editor in 0.00 ms.
Mono: successfully reloaded assembly
- Completed reload, in  2.329 seconds
Domain Reload Profiling:
	ReloadAssembly (2330ms)
		BeginReloadAssembly (203ms)
			ExecutionOrderSort (0ms)
			DisableScriptedObjects (7ms)
			BackupInstance (0ms)
			ReleaseScriptingObjects (0ms)
			CreateAndSetChildDomain (65ms)
		EndReloadAssembly (1959ms)
			LoadAssemblies (135ms)
			RebuildTransferFunctionScriptingTraits (0ms)
			SetupTypeCache (624ms)
			ReleaseScriptCaches (2ms)
			RebuildScriptCaches (86ms)
			SetupLoadedEditorAssemblies (1003ms)
				LogAssemblyErrors (0ms)
				InitializePlatformSupportModulesInManaged (23ms)
				SetLoadedEditorAssemblies (1ms)
				RefreshPlugins (2ms)
				BeforeProcessingInitializeOnLoad (174ms)
				ProcessInitializeOnLoadAttributes (629ms)
				ProcessInitializeOnLoadMethodAttributes (157ms)
				AfterProcessingInitializeOnLoad (17ms)
				EditorAssembliesLoaded (0ms)
			ExecutionOrderSort2 (0ms)
			AwakeInstancesAfterBackupRestoration (10ms)
Platform modules already initialized, skipping
Shader 'WFX/Transparent Diffuse': fallback shader 'Particles/Alpha Blended' not found
Shader 'WFX/Transparent Specular': fallback shader 'Particles/Alpha Blended' not found
Refreshing native plugins compatible for Editor in 6.82 ms, found 3 plugins.
Preloading 0 native plugins for Editor in 0.00 ms.
Unloading 5668 Unused Serialized files (Serialized files now loaded: 0)
Unloading 40 unused Assets / (1.6 MB). Loaded Objects now: 6340.
Memory consumption went from 243.3 MB to 241.6 MB.
Total: 11.223200 ms (FindLiveObjects: 0.903000 ms CreateObjectMapping: 0.972800 ms MarkObjects: 7.762600 ms  DeleteObjects: 1.582900 ms)

AssetImportParameters requested are different than current active one (requested -> active):
  custom:video-decoder-ogg-theora: a1e56fd34408186e4bbccfd4996cb3dc -> 
  custom:container-muxer-webm: aa71ff27fc2769a1b78a27578f13a17b -> 
  custom:container-demuxer-webm: 4f35f7cbe854078d1ac9338744f61a02 -> 
  custom:video-encoder-webm-vp8: eb34c28f22e8b96e1ab97ce403110664 -> 
  custom:video-codec-MediaFoundation-h265: 746d11721c4dcdbdad8f713fa42b33f4 -> 
  custom:audio-encoder-webm-vorbis: bf7c407c2cedff20999df2af8eb42d56 -> 
  custom:framework-win-MediaFoundation: 216162199b28c13a410421893ffa2e32 -> 
  custom:container-demuxer-ogg: 62fdf1f143b41e24485cea50d1cbac27 -> 
  custom:video-decoder-webm-vp8: 9c59270c3fd7afecdb556c50c9e8de78 -> 
  custom:audio-decoder-ogg-vorbis: bf7c407c2cedff20999df2af8eb42d56 -> 
========================================================================
Received Prepare
Registering precompiled user dll's ...
Registered in 0.011082 seconds.
Begin MonoManager ReloadAssembly
Symbol file LoadedFromMemory doesn't match image D:\Documents\GitHub\ZombieFPSGame\Build\Library\PackageCache\com.unity.visualscripting@1.8.0\Editor\VisualScripting.Core\Dependencies\YamlDotNet\Unity.VisualScripting.YamlDotNet.dll
Symbol file LoadedFromMemory doesn't match image D:\Documents\GitHub\ZombieFPSGame\Build\Library\PackageCache\com.unity.visualscripting@1.8.0\Editor\VisualScripting.Core\Dependencies\DotNetZip\Unity.VisualScripting.IonicZip.dll
Native extension for WindowsStandalone target not found
Refreshing native plugins compatible for Editor in 2.29 ms, found 3 plugins.
Preloading 0 native plugins for Editor in 0.00 ms.
Mono: successfully reloaded assembly
- Completed reload, in  2.603 seconds
Domain Reload Profiling:
	ReloadAssembly (2605ms)
		BeginReloadAssembly (346ms)
			ExecutionOrderSort (0ms)
			DisableScriptedObjects (10ms)
			BackupInstance (0ms)
			ReleaseScriptingObjects (0ms)
			CreateAndSetChildDomain (153ms)
		EndReloadAssembly (2074ms)
			LoadAssemblies (179ms)
			RebuildTransferFunctionScriptingTraits (0ms)
			SetupTypeCache (679ms)
			ReleaseScriptCaches (4ms)
			RebuildScriptCaches (94ms)
			SetupLoadedEditorAssemblies (1049ms)
				LogAssemblyErrors (0ms)
				InitializePlatformSupportModulesInManaged (23ms)
				SetLoadedEditorAssemblies (1ms)
				RefreshPlugins (2ms)
				BeforeProcessingInitializeOnLoad (178ms)
				ProcessInitializeOnLoadAttributes (655ms)
				ProcessInitializeOnLoadMethodAttributes (167ms)
				AfterProcessingInitializeOnLoad (22ms)
				EditorAssembliesLoaded (0ms)
			ExecutionOrderSort2 (0ms)
			AwakeInstancesAfterBackupRestoration (11ms)
Platform modules already initialized, skipping
Shader 'WFX/Transparent Diffuse': fallback shader 'Particles/Alpha Blended' not found
Shader 'WFX/Transparent Specular': fallback shader 'Particles/Alpha Blended' not found
Refreshing native plugins compatible for Editor in 7.43 ms, found 3 plugins.
Preloading 0 native plugins for Editor in 0.00 ms.
Unloading 5668 Unused Serialized files (Serialized files now loaded: 0)
Unloading 38 unused Assets / (1.6 MB). Loaded Objects now: 6355.
Memory consumption went from 243.3 MB to 241.6 MB.
Total: 11.742600 ms (FindLiveObjects: 0.775800 ms CreateObjectMapping: 0.962900 ms MarkObjects: 8.573800 ms  DeleteObjects: 1.427800 ms)

AssetImportParameters requested are different than current active one (requested -> active):
  custom:video-decoder-ogg-theora: a1e56fd34408186e4bbccfd4996cb3dc -> 
  custom:container-muxer-webm: aa71ff27fc2769a1b78a27578f13a17b -> 
  custom:container-demuxer-webm: 4f35f7cbe854078d1ac9338744f61a02 -> 
  custom:video-encoder-webm-vp8: eb34c28f22e8b96e1ab97ce403110664 -> 
  custom:video-codec-MediaFoundation-h265: 746d11721c4dcdbdad8f713fa42b33f4 -> 
  custom:audio-encoder-webm-vorbis: bf7c407c2cedff20999df2af8eb42d56 -> 
  custom:framework-win-MediaFoundation: 216162199b28c13a410421893ffa2e32 -> 
  custom:container-demuxer-ogg: 62fdf1f143b41e24485cea50d1cbac27 -> 
  custom:video-decoder-webm-vp8: 9c59270c3fd7afecdb556c50c9e8de78 -> 
  custom:audio-decoder-ogg-vorbis: bf7c407c2cedff20999df2af8eb42d56 -> 
========================================================================
Received Prepare
Registering precompiled user dll's ...
Registered in 0.008345 seconds.
Begin MonoManager ReloadAssembly
Symbol file LoadedFromMemory doesn't match image D:\Documents\GitHub\ZombieFPSGame\Build\Library\PackageCache\com.unity.visualscripting@1.8.0\Editor\VisualScripting.Core\Dependencies\YamlDotNet\Unity.VisualScripting.YamlDotNet.dll
Symbol file LoadedFromMemory doesn't match image D:\Documents\GitHub\ZombieFPSGame\Build\Library\PackageCache\com.unity.visualscripting@1.8.0\Editor\VisualScripting.Core\Dependencies\DotNetZip\Unity.VisualScripting.IonicZip.dll
Native extension for WindowsStandalone target not found
Refreshing native plugins compatible for Editor in 1.72 ms, found 3 plugins.
Preloading 0 native plugins for Editor in 0.00 ms.
Mono: successfully reloaded assembly
- Completed reload, in  1.864 seconds
Domain Reload Profiling:
	ReloadAssembly (1865ms)
		BeginReloadAssembly (247ms)
			ExecutionOrderSort (0ms)
			DisableScriptedObjects (7ms)
			BackupInstance (0ms)
			ReleaseScriptingObjects (0ms)
			CreateAndSetChildDomain (56ms)
		EndReloadAssembly (1472ms)
			LoadAssemblies (182ms)
			RebuildTransferFunctionScriptingTraits (0ms)
			SetupTypeCache (472ms)
			ReleaseScriptCaches (3ms)
			RebuildScriptCaches (73ms)
			SetupLoadedEditorAssemblies (749ms)
				LogAssemblyErrors (0ms)
				InitializePlatformSupportModulesInManaged (16ms)
				SetLoadedEditorAssemblies (1ms)
				RefreshPlugins (2ms)
				BeforeProcessingInitializeOnLoad (126ms)
				ProcessInitializeOnLoadAttributes (469ms)
				ProcessInitializeOnLoadMethodAttributes (120ms)
				AfterProcessingInitializeOnLoad (14ms)
				EditorAssembliesLoaded (0ms)
			ExecutionOrderSort2 (0ms)
			AwakeInstancesAfterBackupRestoration (9ms)
Platform modules already initialized, skipping
Shader 'WFX/Transparent Diffuse': fallback shader 'Particles/Alpha Blended' not found
Shader 'WFX/Transparent Specular': fallback shader 'Particles/Alpha Blended' not found
Refreshing native plugins compatible for Editor in 5.45 ms, found 3 plugins.
Preloading 0 native plugins for Editor in 0.00 ms.
Unloading 5668 Unused Serialized files (Serialized files now loaded: 0)
Unloading 38 unused Assets / (1.6 MB). Loaded Objects now: 6370.
Memory consumption went from 243.3 MB to 241.7 MB.
Total: 8.779300 ms (FindLiveObjects: 0.744000 ms CreateObjectMapping: 0.823300 ms MarkObjects: 6.165600 ms  DeleteObjects: 1.044700 ms)

AssetImportParameters requested are different than current active one (requested -> active):
  custom:video-decoder-ogg-theora: a1e56fd34408186e4bbccfd4996cb3dc -> 
  custom:container-muxer-webm: aa71ff27fc2769a1b78a27578f13a17b -> 
  custom:container-demuxer-webm: 4f35f7cbe854078d1ac9338744f61a02 -> 
  custom:video-encoder-webm-vp8: eb34c28f22e8b96e1ab97ce403110664 -> 
  custom:video-codec-MediaFoundation-h265: 746d11721c4dcdbdad8f713fa42b33f4 -> 
  custom:audio-encoder-webm-vorbis: bf7c407c2cedff20999df2af8eb42d56 -> 
  custom:framework-win-MediaFoundation: 216162199b28c13a410421893ffa2e32 -> 
  custom:container-demuxer-ogg: 62fdf1f143b41e24485cea50d1cbac27 -> 
  custom:video-decoder-webm-vp8: 9c59270c3fd7afecdb556c50c9e8de78 -> 
  custom:audio-decoder-ogg-vorbis: bf7c407c2cedff20999df2af8eb42d56 -> 
